Filename: C:\Users\cfarb\OneDrive\Desktop\WS5\park\booked.py

Line #    Mem usage    Increment  Occurrences   Line Contents
=============================================================
   469    110.8 MiB    110.8 MiB           1   @profile(stream=fp)
   470                                         def pick_month(browser,waits,Action,month):
   471                                             '''checks for month of request booking and clicks it'''
   472    110.8 MiB      0.0 MiB           1       siteEntryMonthText=[]
   473    110.8 MiB      0.0 MiB           1       flag = True
   474    110.8 MiB      0.0 MiB           1       date_list = month.split(' ')
   475    110.8 MiB      0.0 MiB           1       year = date_list[1]
   476    110.8 MiB      0.0 MiB           1       flag = False
   477    110.8 MiB      0.0 MiB           1       siteEntryMonthNext = browser.find_element(By.ID,'nextYearButton')
   478    110.8 MiB      0.0 MiB           1       siteEntryMonth = browser.find_element(By.CSS_SELECTOR,'#monthDropdownPicker').click()
   479    110.8 MiB      0.0 MiB           1       while flag == False:
   480    110.8 MiB      0.0 MiB           1           try:
   481    110.8 MiB      0.0 MiB           1               x = browser.find_element(By.CLASS_NAME,'mat-calendar-body-label').text
   482    110.8 MiB      0.0 MiB           1               if x != date_list[1]:
   483                                                          siteEntryMonthNext.click()
   484    110.8 MiB      0.0 MiB           1               elif x == date_list[1]:
   485    110.8 MiB      0.0 MiB           1                   flag = True
   486    110.8 MiB      0.0 MiB           1                   r=date_list[0]
   487    110.8 MiB      0.0 MiB           1                   waits.until(EC.presence_of_element_located((By.XPATH,"//div[contains(text(),'%s')]" % r))).click()
   488    110.8 MiB      0.0 MiB           1                   break
   489                                                 except:
   490                                                     pass
   491    110.8 MiB      0.0 MiB           1       return True


Filename: C:\Users\cfarb\OneDrive\Desktop\WS5\park\booked.py

Line #    Mem usage    Increment  Occurrences   Line Contents
=============================================================
   459    110.8 MiB    110.8 MiB           1   @profile(stream=fp)
   460                                         def escape(Action):
   461                                             '''escapes some click function'''
   462    110.8 MiB      0.0 MiB           1       Action.key_down(Keys.ESCAPE).perform()
   463    110.8 MiB      0.0 MiB           1       Action.key_up(Keys.ESCAPE).perform()


Filename: C:\Users\cfarb\OneDrive\Desktop\WS5\park\booked.py

Line #    Mem usage    Increment  Occurrences   Line Contents
=============================================================
   492    110.8 MiB    110.8 MiB           1   @profile(stream=fp)
   493                                         def pick_day(browser,waits,Action,b_info):
   494                                             '''checks for day of request bookinf and clicks it'''
   495    110.8 MiB      0.0 MiB           1       flag = True
   496    110.8 MiB      0.0 MiB           1       siteEntryDateText=[]
   497                                             #scans the days until it finds the day enteredn much like the month
   498    110.8 MiB      0.0 MiB           2       while flag == True :
   499    110.8 MiB      0.0 MiB           1           siteEntryDateText = browser.find_elements(By.CSS_SELECTOR,'.mat-calendar-body > tr > td')
   500    110.8 MiB      0.0 MiB           1           waits.until(EC.presence_of_element_located((By.CSS_SELECTOR,'.mat-calendar-body > tr > td')))
   501    110.8 MiB      0.0 MiB           1           counter = 0
   502    110.8 MiB      0.0 MiB           9           for date in siteEntryDateText:
   503    110.8 MiB      0.0 MiB           9               counter+=1
   504    110.8 MiB      0.0 MiB           9               if counter > 31:
   505                                                         flag = False
   506                                                         return False
   507    110.8 MiB      0.0 MiB           9               if(date.text == b_info.arrival_day):
   508    110.8 MiB      0.0 MiB           1                   date.click()
   509    110.8 MiB      0.0 MiB           1                   flag = False
   510    110.8 MiB      0.0 MiB           1                   break
   511                                                     
   512    110.8 MiB      0.0 MiB           1       escape(Action)
   513    110.8 MiB      0.0 MiB           1       sleep(0.5)
   514    110.8 MiB      0.0 MiB           1       return True


Filename: C:\Users\cfarb\OneDrive\Desktop\WS5\park\booked.py

Line #    Mem usage    Increment  Occurrences   Line Contents
=============================================================
   464    110.8 MiB    110.8 MiB           1   @profile(stream=fp)
   465                                         def backspace(Action):
   466                                             '''deletes some inpits'''
   467    110.9 MiB      0.0 MiB           1       Action.key_down(Keys.BACKSPACE).perform()
   468    110.9 MiB      0.0 MiB           1       Action.key_up(Keys.BACKSPACE).perform()


Filename: C:\Users\cfarb\OneDrive\Desktop\WS5\park\booked.py

Line #    Mem usage    Increment  Occurrences   Line Contents
=============================================================
   459    110.9 MiB    110.9 MiB           1   @profile(stream=fp)
   460                                         def escape(Action):
   461                                             '''escapes some click function'''
   462    110.9 MiB      0.0 MiB           1       Action.key_down(Keys.ESCAPE).perform()
   463    110.9 MiB      0.0 MiB           1       Action.key_up(Keys.ESCAPE).perform()


Filename: C:\Users\cfarb\OneDrive\Desktop\WS5\park\booked.py

Line #    Mem usage    Increment  Occurrences   Line Contents
=============================================================
   417     72.9 MiB     72.9 MiB           1   @profile(stream=fp)   
   418                                         def advisory(browser,waits):
   419                                             '''checks to see if the site is a double site or not'''
   420     72.9 MiB      0.0 MiB           1       try:
   421     72.9 MiB      0.0 MiB           1            browser.find_element(By.ID,'message')
   422     72.9 MiB      0.0 MiB           1            waits.until(EC.presence_of_element_located((By.ID,'message')))
   423     72.9 MiB      0.0 MiB           1            t= 'This is part of a Double Site'
   424     72.9 MiB      0.0 MiB           1            waits.until(EC.presence_of_element_located((By.XPATH,"//h2[contains(@id,'mat-dialog-title-0') and contains(text(),'%s')]" % t)))
   425     72.9 MiB      0.0 MiB           1            element = browser.find_element(By.ID,'confirmButton')
   426     72.9 MiB      0.0 MiB           1            waits.until(EC.presence_of_element_located((By.ID,'confirmButton')))
   427     72.9 MiB      0.0 MiB           1            element.click()
   428     72.9 MiB      0.0 MiB           1            return True
   429                                             except:
   430                                                  return False


Filename: C:\Users\cfarb\OneDrive\Desktop\WS5\park\booked.py

Line #    Mem usage    Increment  Occurrences   Line Contents
=============================================================
   517     72.9 MiB     72.9 MiB           1   @profile(stream=fp)
   518                                         def login(browser,waits,b_info):
   519     72.9 MiB      0.0 MiB           1       found = waits.until(EC.presence_of_element_located((By.ID,'email')))
   520     72.9 MiB      0.0 MiB           1       email = browser.find_element(By.ID,"email")
   521     72.9 MiB      0.0 MiB           1       if bool(found) == True:
   522     72.9 MiB      0.0 MiB           1           type_speed(email,b_info.email)
   523                                             else:
   524                                                 login(browser,waits,b_info)
   525                                         
   526     72.9 MiB      0.0 MiB           1       found = waits.until(EC.presence_of_element_located((By.ID,'password')))
   527     72.9 MiB      0.0 MiB           1       password = browser.find_element(By.ID,"password")
   528     72.9 MiB      0.0 MiB           1       if bool(found) == True:
   529     72.9 MiB      0.0 MiB           1           type_speed(password,b_info.password)
   530                                             else:
   531                                                 login(browser,waits,b_info)
   532     72.9 MiB      0.0 MiB           1       waits.until(EC.presence_of_element_located((By.ID,'loginButton'))).click()


Filename: C:\Users\cfarb\OneDrive\Desktop\WS5\park\booked.py

Line #    Mem usage    Increment  Occurrences   Line Contents
=============================================================
   469     73.3 MiB     73.3 MiB           1   @profile(stream=fp)
   470                                         def pick_month(browser,waits,Action,month):
   471                                             '''checks for month of request booking and clicks it'''
   472     73.3 MiB      0.0 MiB           1       siteEntryMonthText=[]
   473     73.3 MiB      0.0 MiB           1       flag = True
   474     73.3 MiB      0.0 MiB           1       date_list = month.split(' ')
   475     73.3 MiB      0.0 MiB           1       year = date_list[1]
   476     73.3 MiB      0.0 MiB           1       flag = False
   477     73.3 MiB      0.0 MiB           1       siteEntryMonthNext = browser.find_element(By.ID,'nextYearButton')
   478     73.3 MiB      0.0 MiB           1       siteEntryMonth = browser.find_element(By.CSS_SELECTOR,'#monthDropdownPicker').click()
   479     73.3 MiB      0.0 MiB           1       while flag == False:
   480     73.3 MiB      0.0 MiB           1           try:
   481     73.3 MiB      0.0 MiB           1               x = browser.find_element(By.CLASS_NAME,'mat-calendar-body-label').text
   482     73.3 MiB      0.0 MiB           1               if x != date_list[1]:
   483                                                          siteEntryMonthNext.click()
   484     73.3 MiB      0.0 MiB           1               elif x == date_list[1]:
   485     73.3 MiB      0.0 MiB           1                   flag = True
   486     73.3 MiB      0.0 MiB           1                   r=date_list[0]
   487     73.3 MiB      0.0 MiB           1                   waits.until(EC.presence_of_element_located((By.XPATH,"//div[contains(text(),'%s')]" % r))).click()
   488     73.3 MiB      0.0 MiB           1                   break
   489                                                 except:
   490                                                     pass
   491     73.3 MiB      0.0 MiB           1       return True


Filename: C:\Users\cfarb\OneDrive\Desktop\WS5\park\booked.py

Line #    Mem usage    Increment  Occurrences   Line Contents
=============================================================
   459     73.3 MiB     73.3 MiB           1   @profile(stream=fp)
   460                                         def escape(Action):
   461                                             '''escapes some click function'''
   462     73.3 MiB      0.0 MiB           1       Action.key_down(Keys.ESCAPE).perform()
   463     73.3 MiB      0.0 MiB           1       Action.key_up(Keys.ESCAPE).perform()


Filename: C:\Users\cfarb\OneDrive\Desktop\WS5\park\booked.py

Line #    Mem usage    Increment  Occurrences   Line Contents
=============================================================
   492     73.3 MiB     73.3 MiB           1   @profile(stream=fp)
   493                                         def pick_day(browser,waits,Action,b_info):
   494                                             '''checks for day of request bookinf and clicks it'''
   495     73.3 MiB      0.0 MiB           1       flag = True
   496     73.3 MiB      0.0 MiB           1       siteEntryDateText=[]
   497                                             #scans the days until it finds the day enteredn much like the month
   498     73.3 MiB      0.0 MiB           2       while flag == True :
   499     73.3 MiB      0.0 MiB           1           siteEntryDateText = browser.find_elements(By.CSS_SELECTOR,'.mat-calendar-body > tr > td')
   500     73.3 MiB      0.0 MiB           1           waits.until(EC.presence_of_element_located((By.CSS_SELECTOR,'.mat-calendar-body > tr > td')))
   501     73.3 MiB      0.0 MiB           1           counter = 0
   502     73.3 MiB      0.0 MiB           9           for date in siteEntryDateText:
   503     73.3 MiB      0.0 MiB           9               counter+=1
   504     73.3 MiB      0.0 MiB           9               if counter > 31:
   505                                                         flag = False
   506                                                         return False
   507     73.3 MiB      0.0 MiB           9               if(date.text == b_info.arrival_day):
   508     73.3 MiB      0.0 MiB           1                   date.click()
   509     73.3 MiB      0.0 MiB           1                   flag = False
   510     73.3 MiB      0.0 MiB           1                   break
   511                                                     
   512     73.3 MiB      0.0 MiB           1       escape(Action)
   513     73.3 MiB      0.0 MiB           1       sleep(0.5)
   514     73.3 MiB      0.0 MiB           1       return True


Filename: C:\Users\cfarb\OneDrive\Desktop\WS5\park\booked.py

Line #    Mem usage    Increment  Occurrences   Line Contents
=============================================================
   464     73.3 MiB     73.3 MiB           1   @profile(stream=fp)
   465                                         def backspace(Action):
   466                                             '''deletes some inpits'''
   467     73.3 MiB      0.0 MiB           1       Action.key_down(Keys.BACKSPACE).perform()
   468     73.3 MiB      0.0 MiB           1       Action.key_up(Keys.BACKSPACE).perform()


Filename: C:\Users\cfarb\OneDrive\Desktop\WS5\park\booked.py

Line #    Mem usage    Increment  Occurrences   Line Contents
=============================================================
   459     73.3 MiB     73.3 MiB           1   @profile(stream=fp)
   460                                         def escape(Action):
   461                                             '''escapes some click function'''
   462     73.3 MiB      0.0 MiB           1       Action.key_down(Keys.ESCAPE).perform()
   463     73.3 MiB      0.0 MiB           1       Action.key_up(Keys.ESCAPE).perform()


Filename: C:\Users\cfarb\OneDrive\Desktop\WS5\park\booked.py

Line #    Mem usage    Increment  Occurrences   Line Contents
=============================================================
   417     73.2 MiB     73.2 MiB           1   @profile(stream=fp)   
   418                                         def advisory(browser,waits):
   419                                             '''checks to see if the site is a double site or not'''
   420     73.2 MiB      0.0 MiB           1       try:
   421     73.2 MiB      0.0 MiB           1            browser.find_element(By.ID,'message')
   422                                                  waits.until(EC.presence_of_element_located((By.ID,'message')))
   423                                                  t= 'This is part of a Double Site'
   424                                                  waits.until(EC.presence_of_element_located((By.XPATH,"//h2[contains(@id,'mat-dialog-title-0') and contains(text(),'%s')]" % t)))
   425                                                  element = browser.find_element(By.ID,'confirmButt   122                                                         return False       
   123    119.1 MiB      0.0 MiB           1       try:
   124    119.1 MiB      0.0 MiB           1           login(browser,waits,b_info)
   125    119.1 MiB      0.0 MiB           1           waits.until(EC.presence_of_element_located((By.TAG_NAME, 'body')))
   126    119.1 MiB      0.0 MiB           1           return True
   127                                             
   128                                             except:
   129                                                 return False


Filename: C:\Users\cfarb\OneDrive\Desktop\WS5\park\booked.py

Line #    Mem usage    Increment  Occurrences   Line Contents
=============================================================
   195    119.1 MiB    119.1 MiB           1   @profile(stream=fp)
   196                                         def confirm_acknowledgements(waits):
   197                                             '''navigfates acknowledgements page'''
   198    119.1 MiB      0.0 MiB           1       try:
   199    119.1 MiB      0.0 MiB           3           waits.until(lambda browser: browser.execute_script('return document.readyState') == 'complete')
   200                                             except:
   201                                                  pass
   202    119.1 MiB      0.0 MiB           1       counter = 0
   203    119.1 MiB      0.0 MiB           1       while counter < 10:
   204    119.1 MiB      0.0 MiB           1           try:
   205    119.1 MiB      0.0 MiB           1               sleep(1)
   206    119.1 MiB      0.0 MiB           1               waits.until(EC.presence_of_element_located((By.XPATH,"//mat-checkbox[contains(@id,'mat-checkbox-')]"))).click()
   207    119.1 MiB      0.0 MiB           1               break   
   208                                                 except:
   209                                                     print('counter ',counter)
   210                                                     counter+=1
   211    119.1 MiB      0.0 MiB           1       if counter == 10:
   212                                                 return False
   213                                                 
   214    119.1 MiB      0.0 MiB           1       sleep(1)  
   215    119.1 MiB      0.0 MiB           1       while counter < 10:    
   216    119.1 MiB      0.0 MiB           1           try:
   217    119.1 MiB      0.0 MiB           1               waits.until(EC.element_to_be_clickable((By.XPATH,"//button[contains(@id,'confirmAcknowledgements')]"))).click()
   218    119.1 MiB      0.0 MiB           1               return True
   219                                                 except:
   220                                                     print('counter ',counter)
   221                                                     counter+=1
   222                                         
   223                                             if counter == 10:
   224                                                  return False


Filename: C:\Users\cfarb\OneDrive\Desktop\WS5\park\booked.py

Line #    Mem usage    Increment  Occurrences   Line Contents
=============================================================
   225    119.1 MiB    119.1 MiB           1   @profile(stream=fp)
   226                                         def confirm_details(waits):
   227                                             '''navigates the details page'''
   228    119.1 MiB      0.0 MiB           1       try:
   229    119.1 MiB      0.0 MiB           1           waits.until(EC.element_to_be_clickable((By.XPATH,"//button[contains(@id,'confirmAccountDetails')]"))).click()
   230    119.1 MiB      0.0 MiB           1           return True
   231                                             except:
   232                                                 return False


Filename: C:\Users\cfarb\OneDrive\Desktop\WS5\park\booked.py

Line #    Mem usage    Increment  Occurrences   Line Contents
=============================================================
   233    119.1 MiB    119.1 MiB           1   @profile(stream=fp)
   234                                         def confirm_occupant(browser,waits,Action,u_info,b_info):
   235                                             '''navigates the occupants page'''
   236    119.1 MiB      0.0 MiB           1       if b_info.occupant == True:
   237                                                         try:   
   238                                                                 O='Someone else will be the occupant.'
   239                                                                 try:
   240                                                                     checkbox = waits.until(EC.presence_of_element_located((By.XPATH,"//span[contains(text(),'%s')]" % O))).click()
   241                                                                     bool_flag = occupant(browser,waits,Action,b_info)
   242                                                                     sleep(2)
   243                                                                     if bool_flag == False:
   244                                                                         print('occupant flag false')
   245                                                                         element = browser.find_element(By.ID,'confirmOccupant')
   246                                                                         Action.move_to_element(element).click().perform()
   247                                                                         return True
   248                                                                  
   249                                                                 except:
   250                                                                     checkbox =  waits.until(EC.presence_of_element_located(By.XPATH,"//mat-radio-button[contains(@id,'mat-radio-3')]")).click()
   251                                                                     bool_flag = occupant(browser,waits,Action,b_info)
   252                                                                     sleep(2)
   253                                                                     if bool_flag == False:
   254                                                                         print('occupant flag false')
   255                                                                         element = browser.find_element(By.ID,'confirmOccupant')
   256                                                                         Action.move_to_element(element).click().perform()
   257                                                                         return True
   258                                                                  
   259                                                                   
   260                                                                 sleep(2)
   261                                         
   262                                                         except:
   263                                                                 print('no occupant')
   264                                                                 n = 5
   265                                                                 while n > 0:
   266                                                                     try:
   267                                                                         waits.until(EC.element_to_be_clickable((By.ID,'confirmOccupant'))).click()
   268                                                                         sleep(2)
   269                                                                         return True
   270                                                                         
   271                                                                     except:
   272                                                                          n-=1
   273                                                           
   274                                             else:
   275    119.1 MiB      0.0 MiB           1                   try:
   276    119.1 MiB      0.0 MiB           1                       n = 5
   277    119.1 MiB      0.0 MiB           1                       while n > 0:
   278    119.1 MiB      0.0 MiB           1                           n-=1
   279    119.1 MiB      0.0 MiB           1                           try:
   280    119.1 MiB      0.0 MiB           1                               waits.until(EC.element_to_be_clickable((By.ID,'confirmOccupant'))).click()
   281    119.1 MiB      0.0 MiB           1                               sleep(2)
   282    119.1 MiB      0.0 MiB           1                               return True
   283                                                 
   284                                                                 except:
   285                                                                     print('except occupant')
   286                                                                     waits.until(EC.presence_of_element_located((By.ID,'confirmOccupant'))).click()
   287                                                                     return True
   288                                                         except:
   289                                                            return False


Filename: C:\Users\cfarb\OneDrive\Desktop\WS5\park\booked.py

Line #    Mem usage    Increment  Occurrences   Line Contents
=============================================================
   464    119.1 MiB    119.1 MiB           1   @profile(stream=fp)
   465                                         def backspace(Action):
   466                                             '''deletes some inpits'''
   467    119.1 MiB      0.0 MiB           1       Action.key_down(Keys.BACKSPACE).perform()
   468    119.1 MiB      0.0 MiB           1       Action.key_up(Keys.BACKSPACE).perform()


Filename: C:\Users\cfarb\OneDrive\Desktop\WS5\park\booked.py

Line #    Mem usage    Increment  Occurrences   Line Contents
=============================================================
   459    119.1 MiB    119.1 MiB           1   @profile(stream=fp)
   460                                         def escape(Action):
   461                                             '''escapes some click function'''
   462    119.1 MiB      0.0 MiB           1       Action.key_down(Keys.ESCAPE).perform()
   463    119.1 MiB      0.0 MiB           1       Action.key_up(Keys.ESCAPE).perform()


Filename: C:\Users\cfarb\OneDrive\Desktop\WS5\park\booked.py

Line #    Mem usage    Increment  Occurrences   Line Contents
=============================================================
   290    119.1 MiB    119.1 MiB           1   @profile(stream=fp)
   291                                         def confirm_party_info(browser,waits,Action):
   292                                             '''navigates the party info page'''
   293    119.1 MiB      0.0 MiB           1       counter = 0
   294    119.1 MiB      0.0 MiB           1       while counter < 10:
   295    119.1 MiB      0.0 MiB           1           try:
   296    119.1 MiB      0.0 MiB           1               browser.find_element(By.XPATH,"//input[contains(@id,'subCat-0')]").click()
   297    119.1 MiB      0.0 MiB           1               backspace(Action)
   298    119.1 MiB      0.0 MiB           1               sleep(0.05)
   299    119.1 MiB      0.0 MiB           1               browser.find_element(By.XPATH,"//input[contains(@id,'subCat-0')]").send_keys('4')
   300    119.1 MiB      0.0 MiB           1               escape(Action)
   301    119.1 MiB      0.0 MiB           1               break
   302                                         
   303                                                 except:
   304                                                     counter +=1
   305    119.1 MiB      0.0 MiB           1       counter = 0
   306    119.1 MiB      0.0 MiB           1       sleep(1)
   307                                         
   308    119.1 MiB      0.0 MiB           1       try:
   309    119.1 MiB      0.0 MiB           1           waits.until(EC.presence_of_element_located((By.ID,'partyInfoButton')))
   310    119.1 MiB      0.0 MiB           1           element = browser.find_element(By.ID,'partyInfoButton')
   311    119.1 MiB      0.0 MiB           1           Action.move_to_element(element).click().perform()
   312    119.1 MiB      0.0 MiB           1           sleep(2)
   313    119.1 MiB      0.0 MiB           1           print('party info return')
   314    119.1 MiB      0.0 MiB           1           return True
   315                                         
   316                                             except:
   317                                                 return False


Filename: C:\Users\cfarb\OneDrive\Desktop\WS5\park\booked.py

Line #    Mem usage    Increment  Occurrences   Line Contents
=============================================================
   469     83.5 MiB     83.5 MiB           1   @profile(stream=fp)
   470                                         def pick_month(browser,waits,Action,month):
   471                                             '''checks for month of request booking and clicks it'''
   472     83.5 MiB      0.0 MiB           1       siteEntryMonthText=[]
   473     83.5 MiB      0.0 MiB           1       flag = True
   474     83.5 MiB      0.0 MiB           1       date_list = month.split(' ')
   475     83.5 MiB      0.0 MiB           1       year = date_list[1]
   476     83.5 MiB      0.0 MiB           1       flag = False
   477     83.5 MiB      0.0 MiB           1       siteEntryMonthNext = browser.find_element(By.ID,'nextYearButton')
   478     83.5 MiB      0.0 MiB           1       siteEntryMonth = browser.find_element(By.CSS_SELECTOR,'#monthDropdownPicker').click()
   479     83.5 MiB      0.0 MiB           1       while flag == False:
   480     83.5 MiB      0.0 MiB           1           try:
   481     83.5 MiB      0.0 MiB           1               x = browser.find_element(By.CLASS_NAME,'mat-calendar-body-label').text
   482     83.5 MiB      0.0 MiB           1               if x != date_list[1]:
   483                                                          siteEntryMonthNext.click()
   484     83.5 MiB      0.0 MiB           1               elif x == date_list[1]:
   485     83.5 MiB      0.0 MiB           1                   flag = True
   486     83.5 MiB      0.0 MiB           1                   r=date_list[0]
   487     83.5 MiB      0.0 MiB           1                   waits.until(EC.presence_of_element_located((By.XPATH,"//div[contains(text(),'%s')]" % r))).click()
   488     83.5 MiB      0.0 MiB           1                   break
   489                                                 except:
   490                                                     pass
   491     83.5 MiB      0.0 MiB           1       return True


Filename: C:\Users\cfarb\OneDrive\Desktop\WS5\park\booked.py

Line #    Mem usage    Increment  Occurrences   Line Contents
=============================================================
   459     83.5 MiB     83.5 MiB           1   @profile(stream=fp)
   460                                         def escape(Action):
   461                                             '''escapes some click function'''
   462     83.5 MiB      0.0 MiB           1       Action.key_down(Keys.ESCAPE).perform()
   463     83.5 MiB      0.0 MiB           1       Action.key_up(Keys.ESCAPE).perform()


Filename: C:\Users\cfarb\OneDrive\Desktop\WS5\park\booked.py

Line #    Mem usage    Increment  Occurrences   Line Contents
=============================================================
   492     83.5 MiB     83.5 MiB           1   @profile(stream=fp)
   493                                         def pick_day(browser,waits,Action,b_info):
   494                                             '''checks for day of request bookinf and clicks it'''
   495     83.5 MiB      0.0 MiB           1       flag = True
   496     83.5 MiB      0.0 MiB           1       siteEntryDateText=[]
   497                                             #scans the days until it finds the day enteredn much like the month
   498     83.5 MiB      0.0 MiB           2       while flag == True :
   499     83.5 MiB      0.0 MiB           1           siteEntryDateText = browser.find_elements(By.CSS_SELECTOR,'.mat-calendar-body > tr > td')
   500     83.5 MiB      0.0 MiB           1           waits.until(EC.presence_of_element_located((By.CSS_SELECTOR,'.mat-calendar-body > tr > td')))
   501     83.5 MiB      0.0 MiB           1           counter = 0
   502     83.5 MiB      0.0 MiB           9           for date in siteEntryDateText:
   503     83.5 MiB      0.0 MiB           9               counter+=1
   504     83.5 MiB      0.0 MiB           9               if counter > 31:
   505                                                         flag = False
   506                                                         return False
   507     83.5 MiB      0.0 MiB           9               if(date.text == b_info.arrival_day):
   508     83.5 MiB      0.0 MiB           1                   date.click()
   509     83.5 MiB      0.0 MiB           1                   flag = False
   510     83.5 MiB      0.0 MiB           1                   break
   511                                                     
   512     83.5 MiB      0.0 MiB           1       escape(Action)
   513     83.5 MiB      0.0 MiB           1       sleep(0.5)
   514     83.5 MiB      0.0 MiB           1       return True


Filename: C:\Users\cfarb\OneDrive\Desktop\WS5\park\booked.py

Line #    Mem usage    Increment  Occurrences   Line Contents
=============================================================
   464     83.5 MiB     83.5 MiB           1   @profile(stream=fp)
   465                                         def backspace(Action):
   466                                             '''deletes some inpits'''
   467     83.5 MiB      0.0 MiB           1       Action.key_down(Keys.BACKSPACE).perform()
   468     83.5 MiB      0.0 MiB           1       Action.key_up(Keys.BACKSPACE).perform()


Filename: C:\Users\cfarb\OneDrive\Desktop\WS5\park\booked.py

Line #    Mem usage    Increment  Occurrences   Line Contents
=============================================================
   459     83.6 MiB     83.6 MiB           1   @profile(stream=fp)
   460                                         def escape(Action):
   461                                             '''escapes some click function'''
   462     83.6 MiB      0.0 MiB           1       Action.key_down(Keys.ESCAPE).perform()
   463     83.6 MiB      0.0 MiB           1       Action.key_up(Keys.ESCAPE).perform()


Filename: C:\Users\cfarb\OneDrive\Desktop\WS5\park\booked.py

Line #    Mem usage    Increment  Occurrences   Line Contents
=============================================================
   417     83.6 MiB     83.6 MiB           1   @profile(stream=fp)   
   418                                         def advisory(browser,waits):
   419                                             '''checks to see if the site is a double site or not'''
   420     83.6 MiB      0.0 MiB           1       try:
   421     83.6 MiB      0.0 MiB           1            browser.find_element(By.ID,'message')
   422                                                  waits.until(EC.presence_of_element_located((By.ID,'message')))
   423                                                  t= 'This is part of a Double Site'
   424                                                  waits.until(EC.presence_of_element_located((By.XPATH,"//h2[contains(@id,'mat-dialog-title-0') and contains(text(),'%s')]" % t)))
   425                                                  element = browser.find_element(By.ID,'confirmButton')
   426                                                  waits.until(EC.presence_of_element_located((By.ID,'confirmButton')))
   427                                                  element.click()
   428                                                  return True
   429     83.6 MiB      0.0 MiB           1       except:
   430     83.6 MiB      0.0 MiB           1            return False


Filename: C:\Users\cfarb\OneDrive\Desktop\WS5\park\booked.py

Line #    Mem usage    Increment  Occurrences   Line Contents
=============================================================
   130     83.6 MiB     83.6 MiB           1   @profile(stream=fp)
   131                                         def confirm_reservation(browser,waits,Action):
   132                                             '''navigates initial reservation page'''
   133     83.6 MiB      0.0 MiB           1       flag1 = True
   134     83.6 MiB      0.0 MiB           1       while flag1 == True:
   135     83.6 MiB      0.0 MiB           1               try:
   136     83.6 MiB      0.0 MiB           3                   waits.until(lambda browser: browser.execute_script('return document.readyState') == 'complete')
   137     83.6 MiB      0.0 MiB           1                   flag1 = False
   138     83.6 MiB      0.0 MiB           1                   break
   139                                                     except:
   140                                                         browser.refresh()
   141     83.6 MiB      0.0 MiB           1       flag = False
   142     83.6 MiB      0.0 MiB           1       if flag1 == False:
   143     83.6 MiB      0.0 MiB           1               try:
   144     83.6 MiB      0.0 MiB           1                   box1  = 'All reservation details are correct.'
   145     83.6 MiB      0.0 MiB           1                   box2 = 'I have read and acknowledge all of the messages listed.'
   146     83.6 MiB      0.0 MiB           1                   box1_bool = False
   147     83.6 MiB      0.0 MiB           1                   box2_bool = False
   148     83.6 MiB      0.0 MiB           1                   counter = 0
   149     83.6 MiB      0.0 MiB           1                   while flag == False:
   150     83.6 MiB      0.0 MiB           1                       counter+=1
   151     83.6 MiB      0.0 MiB           1                       if box1_bool == False:
   152     83.6 MiB      0.0 MiB           1                           try:
   153     83.6 MiB      0.0 MiB           1                               b1 = waits.until(EC.presence_of_element_located((By.XPATH,"//span[contains(text(),'%s')]" % box1))).click() 
   154                                                                 except:
   155                                                                     pass
   156                                                            
   157     83.6 MiB      0.0 MiB           1                       if box2_bool == False:
   158     83.6 MiB      0.0 MiB           1                           try:
   159     83.6 MiB      0.0 MiB           1                               b2 = waits.until(EC.presence_of_element_located((By.XPATH,"//span[contains(text(),'%s')]" % box2))).click()
   160                                                                 except:
   161                                                                     pass
   162     83.6 MiB      0.0 MiB           1                       try:
   163     83.6 MiB      0.0 MiB           1                           n = browser.find_elements(By.XPATH,"//input[contains(@id,'mat-checkbox-')]")
   164     83.6 MiB      0.0 MiB           1                           if n[0].get_attribute("aria-checked") == 'true':
   165     83.6 MiB      0.0 MiB           1                               box1_bool = True
   166     83.6 MiB      0.0 MiB           1                           if n[1].get_attribute("aria-checked") == 'true':
   167     83.6 MiB      0.0 MiB           1                               box2_bool = True
   168     83.6 MiB      0.0 MiB           1                           if box1_bool == True and box2_bool == True:
   169     83.6 MiB      0.0 MiB           1                               flag = True
   170     83.6 MiB      0.0 MiB           1                               break
   171                                                                 else:
   172                                                                     print('1 or both false')
   173                                                             except:
   174                                                                 if counter > 5:
   175                                                                     browser.refresh()
   176                                                                 if counter > 10:
   177                                                                     browser.quit()
   178                                                     except:
   179                                                         return False
   180                                                        
   181                                                         
   182     83.6 MiB      0.0 MiB           1               try:
   183     83.6 MiB      0.0 MiB           1                       c = 'Close'
   184     83.6 MiB      0.0 MiB           1                       waits.until(EC.presence_of_element_located((By.XPATH,"//span[contains(text(),'%s')]" % c))).click()
   185                                         
   186     83.6 MiB      0.0 MiB           1               except:
   187     83.6 MiB      0.0 MiB           1                       print('No Sites')
   188                                         
   189     83.6 MiB      0.0 MiB           1               try:
   190     83.6 MiB      0.0 MiB           1                   waits.until(EC.presence_of_element_located((By.ID,'confirmReservationDetails'))).click()
   191     83.6 MiB      0.0 MiB           1                   sleep(2)
   192     83.6 MiB      0.0 MiB           1                   return True
   193                                                     except:
   194                                                         return False


Filename: C:\Users\cfarb\OneDrive\Desktop\WS5\park\booked.py

Line #    Mem usage    Increment  Occurrences   Line Contents
=============================================================
   517     83.6 MiB     83.6 MiB           1   @profile(stream=fp)
   518                                         def login(browser,waits,b_info):
   519     83.6 MiB      0.0 MiB           1       found = waits.until(EC.presence_of_element_located((By.ID,'email')))
   520     83.6 MiB      0.0 MiB           1       email = browser.find_element(By.ID,"email")
   521     83.6 MiB      0.0 MiB           1       if bool(found) == True:
   522     83.6 MiB      0.0 MiB           1           type_speed(email,b_info.email)
   523                                             else:
   524                                                 login(browser,waits,b_info)
   525                                         
   526     83.6 MiB      0.0 MiB           1       found = waits.until(EC.presence_of_element_located((By.ID,'password')))
   527     83.6 MiB      0.0 MiB           1       password = browser.find_element(By.ID,"password")
   528     83.6 MiB      0.0 MiB           1       if bool(found) == True:
   529     83.6 MiB      0.0 MiB           1           type_speed(password,b_info.password)
   530                                             else:
   531                                                 login(browser,waits,b_info)
   532     83.6 MiB      0.0 MiB           1       waits.until(EC.presence_of_element_located((By.ID,'loginButton'))).click()


Filename: C:\Users\cfarb\OneDrive\Desktop\WS5\park\booked.py

Line #    Mem usage    Increment  Occurrences   Line Contents
=============================================================
   109     83.6 MiB     83.6 MiB           1   @profile(stream=fp)
   110                                         def proceed_to_checkout(browser,waits,Action,b_info):
   111                                             '''navigates checkpout page and logs into account'''
   112     83.6 MiB      0.0 MiB           1       n = 5
   113     83.6 MiB      0.0 MiB           1       while n > 0:
   114     83.6 MiB      0.0 MiB           1                   n-=1
   115     83.6 MiB      0.0 MiB           1                   try:
   116     83.6 MiB      0.0 MiB           1                       waits.until(EC.presence_of_element_located((By.ID,'proceedToCheckout'))).click()
   117     83.6 MiB      0.0 MiB           1                       sleep(2)
   118     83.6 MiB      0.0 MiB           1                       break
   119                                                         except:
   120                                                          pass
   121     83.6 MiB      0.0 MiB           1       if n == 0:
   122                                                         return False       
   123     83.6 MiB      0.0 MiB           1       try:
   124     83.6 MiB      0.0 MiB           1           login(browser,waits,b_info)
   125     83.6 MiB      0.0 MiB           1           waits.until(EC.presence_of_element_located((By.TAG_NAME, 'body')))
   126     83.6 MiB      0.0 MiB           1           return True
   127                                             
   128                                             except:
   129                                                 return False


Filename: C:\Users\cfarb\OneDrive\Desktop\WS5\park\booked.py

Line #    Mem usage    Increment  Occurrences   Line Contents
=============================================================
   195     83.6 MiB     83.6 MiB           1   @profile(stream=fp)
   196                                         def confirm_acknowledgements(waits):
   197                                             '''navigfates acknowledgements page'''
   198     83.6 MiB      0.0 MiB           1       try:
   199     83.6 MiB      0.0 MiB           3           waits.until(lambda browser: browser.execute_script('return document.readyState') == 'complete')
   200                                             except:
   201                                                  pass
   202     83.6 MiB      0.0 MiB           1       counter = 0
   203     83.6 MiB      0.0 MiB           1       while counter < 10:
   204     83.6 MiB      0.0 MiB           1           try:
   205     83.6 MiB      0.0 MiB           1               sleep(1)
   206     83.6 MiB      0.0 MiB           1               waits.until(EC.presence_of_element_located((By.XPATH,"//mat-checkbox[contains(@id,'mat-checkbox-')]"))).click()
   207     83.6 MiB      0.0 MiB           1               break   
   208                                                 except:
   209                                                     print('counter ',counter)
   210                                                     counter+=1
   211     83.6 MiB      0.0 MiB           1       if counter == 10:
   212                                                 return False
   213                                                 
   214     83.6 MiB      0.0 MiB           1       sleep(1)  
   215     83.6 MiB      0.0 MiB           1       while counter < 10:    
   216     83.6 MiB      0.0 MiB           1           try:
   217     83.6 MiB      0.0 MiB           1               waits.until(EC.element_to_be_clickable((By.XPATH,"//button[contains(@id,'confirmAcknowledgements')]"))).click()
   218     83.6 MiB      0.0 MiB           1               return True
   219                                                 except:
   220                                                     print('counter ',counter)
   221                                                     counter+=1
   222                                         
   223                                             if counter == 10:
